<?xml version="1.0" encoding="UTF-8"?>
<!-- Generated by org.testng.reporters.JUnitReportReporter -->
<testsuite hostname="DESKTOP-PC4C8R1" failures="0" tests="1" name="eCommerceProject.Amazon" time="11.266" errors="0" timestamp="2023-07-26T15:21:55 ICT" skipped="0">
  <testcase classname="eCommerceProject.Amazon" name="amazontest" time="11.266"/>
  <system-out>
    <![CDATA[opening amazon]]>
  </system-out>
</testsuite> <!-- eCommerceProject.Amazon -->
