<?xml version="1.0" encoding="UTF-8"?>
<!-- Generated by org.testng.reporters.JUnitReportReporter -->
<testsuite hostname="DESKTOP-PC4C8R1" failures="0" tests="1" name="eCommerceProject.Ajio" time="15.839" errors="0" timestamp="2023-07-26T15:21:55 ICT" skipped="0">
  <testcase classname="eCommerceProject.Ajio" name="ajioTest" time="15.839"/>
  <system-out>
    <![CDATA[opening Ajio]]>
  </system-out>
</testsuite> <!-- eCommerceProject.Ajio -->
